Compilation failed:
    source file: 'C:/Users/boooy/OneDrive/workspace/webcam/step-05/node_modules/opencv-build/opencv/opencv/cmake/checks/cpu_avx512.cpp'
    check option: '    '
===== BUILD LOG =====
Change Dir: C:/Users/boooy/OneDrive/workspace/webcam/step-05/node_modules/opencv-build/opencv/build/CMakeFiles/CMakeTmp

Run Build Command(s):C:/Program Files (x86)/Microsoft Visual Studio/2017/BuildTools/MSBuild/15.0/Bin/MSBuild.exe cmTC_6b788.vcxproj /p:Configuration=Release /p:Platform=x64 /p:VisualStudioVersion=15.0 /v:m && .NET Framework용 Microsoft (R) Build Engine 버전 15.9.21+g9802d43bc3
Copyright (C) Microsoft Corporation. All rights reserved.

  Microsoft (R) C/C++ 최적화 컴파일러 버전 19.16.27043(x64)
  Copyright (c) Microsoft Corporation. All rights reserved.
  
  cpu_avx512.cpp
  cl /c /W3 /WX- /diagnostics:classic /O2 /Ob2 /D WIN32 /D _WINDOWS /D NDEBUG /D "CMAKE_INTDIR=\"Release\"" /D _MBCS /Gm- /EHsc /MD /GS /fp:precise /Zc:wchar_t /Zc:forScope /Zc:inline /GR /Fo"cmTC_6b788.dir\Release\\" /Fd"cmTC_6b788.dir\Release\vc141.pdb" /Gd /TP /errorReport:queue "C:\Users\boooy\OneDrive\workspace\webcam\step-05\node_modules\opencv-build\opencv\opencv\cmake\checks\cpu_avx512.cpp"
  
C:\Users\boooy\OneDrive\workspace\webcam\step-05\node_modules\opencv-build\opencv\opencv\cmake\checks\cpu_avx512.cpp(11): fatal error C1189: #error:  "AVX512 is not supported" [C:\Users\boooy\OneDrive\workspace\webcam\step-05\node_modules\opencv-build\opencv\build\CMakeFiles\CMakeTmp\cmTC_6b788.vcxproj]


===== END =====

Compilation failed:
    source file: 'C:/Users/boooy/OneDrive/workspace/webcam/step-05/node_modules/opencv-build/opencv/opencv/cmake/checks/cpu_avx512skx.cpp'
    check option: '    '
===== BUILD LOG =====
Change Dir: C:/Users/boooy/OneDrive/workspace/webcam/step-05/node_modules/opencv-build/opencv/build/CMakeFiles/CMakeTmp

Run Build Command(s):C:/Program Files (x86)/Microsoft Visual Studio/2017/BuildTools/MSBuild/15.0/Bin/MSBuild.exe cmTC_9aea0.vcxproj /p:Configuration=Release /p:Platform=x64 /p:VisualStudioVersion=15.0 /v:m && .NET Framework용 Microsoft (R) Build Engine 버전 15.9.21+g9802d43bc3
Copyright (C) Microsoft Corporation. All rights reserved.

  Microsoft (R) C/C++ 최적화 컴파일러 버전 19.16.27043(x64)
  Copyright (c) Microsoft Corporation. All rights reserved.
  
  cpu_avx512skx.cpp
  cl /c /W3 /WX- /diagnostics:classic /O2 /Ob2 /D WIN32 /D _WINDOWS /D NDEBUG /D "CMAKE_INTDIR=\"Release\"" /D _MBCS /Gm- /EHsc /MD /GS /fp:precise /Zc:wchar_t /Zc:forScope /Zc:inline /GR /Fo"cmTC_9aea0.dir\Release\\" /Fd"cmTC_9aea0.dir\Release\vc141.pdb" /Gd /TP /errorReport:queue "C:\Users\boooy\OneDrive\workspace\webcam\step-05\node_modules\opencv-build\opencv\opencv\cmake\checks\cpu_avx512skx.cpp"
  
C:\Users\boooy\OneDrive\workspace\webcam\step-05\node_modules\opencv-build\opencv\opencv\cmake\checks\cpu_avx512skx.cpp(15): fatal error C1189: #error:  "AVX512-SKX is not supported" [C:\Users\boooy\OneDrive\workspace\webcam\step-05\node_modules\opencv-build\opencv\build\CMakeFiles\CMakeTmp\cmTC_9aea0.vcxproj]


===== END =====

Determining if the function fseeko exists failed with the following output:
Change Dir: C:/Users/boooy/OneDrive/workspace/webcam/step-05/node_modules/opencv-build/opencv/build/CMakeFiles/CMakeTmp

Run Build Command(s):C:/Program Files (x86)/Microsoft Visual Studio/2017/BuildTools/MSBuild/15.0/Bin/MSBuild.exe cmTC_fd583.vcxproj /p:Configuration=Release /p:Platform=x64 /p:VisualStudioVersion=15.0 /v:m && .NET Framework용 Microsoft (R) Build Engine 버전 15.9.21+g9802d43bc3
Copyright (C) Microsoft Corporation. All rights reserved.

  Microsoft (R) C/C++ 최적화 컴파일러 버전 19.16.27043(x64)
  Copyright (c) Microsoft Corporation. All rights reserved.
  
  CheckFunctionExists.c
  cl /c /W3 /WX- /diagnostics:classic /MP12 /O2 /Ob2 /Oi /D WIN32 /D _WINDOWS /D _CRT_SECURE_NO_DEPRECATE /D _CRT_NONSTDC_NO_DEPRECATE /D _SCL_SECURE_NO_WARNINGS /D CHECK_FUNCTION_EXISTS=fseeko /D NDEBUG /D "CMAKE_INTDIR=\"Release\"" /D _MBCS /Gm- /MD /GS /Gy /fp:precise /Zc:wchar_t /Zc:forScope /Zc:inline /Fo"cmTC_fd583.dir\Release\\" /Fd"cmTC_fd583.dir\Release\vc141.pdb" /Gd /TC /errorReport:queue  /bigobj "C:\Program Files\CMake\share\cmake-3.18\Modules\CheckFunctionExists.c"
  
CheckFunctionExists.obj : error LNK2019: fseeko 외부 기호(참조 위치: main 함수)에서 확인하지 못했습니다. [C:\Users\boooy\OneDrive\workspace\webcam\step-05\node_modules\opencv-build\opencv\build\CMakeFiles\CMakeTmp\cmTC_fd583.vcxproj]
C:\Users\boooy\OneDrive\workspace\webcam\step-05\node_modules\opencv-build\opencv\build\CMakeFiles\CMakeTmp\Release\cmTC_fd583.exe : fatal error LNK1120: 1개의 확인할 수 없는 외부 참조입니다. [C:\Users\boooy\OneDrive\workspace\webcam\step-05\node_modules\opencv-build\opencv\build\CMakeFiles\CMakeTmp\cmTC_fd583.vcxproj]



Determining size of off64_t failed with the following output:
Change Dir: C:/Users/boooy/OneDrive/workspace/webcam/step-05/node_modules/opencv-build/opencv/build/CMakeFiles/CMakeTmp

Run Build Command(s):C:/Program Files (x86)/Microsoft Visual Studio/2017/BuildTools/MSBuild/15.0/Bin/MSBuild.exe cmTC_1ddd0.vcxproj /p:Configuration=Release /p:Platform=x64 /p:VisualStudioVersion=15.0 /v:m && .NET Framework용 Microsoft (R) Build Engine 버전 15.9.21+g9802d43bc3
Copyright (C) Microsoft Corporation. All rights reserved.

  Microsoft (R) C/C++ 최적화 컴파일러 버전 19.16.27043(x64)
  Copyright (c) Microsoft Corporation. All rights reserved.
  
  OFF64_T.c
  cl /c /W3 /WX- /diagnostics:classic /MP12 /O2 /Ob2 /Oi /D WIN32 /D _WINDOWS /D _CRT_SECURE_NO_DEPRECATE /D _CRT_NONSTDC_NO_DEPRECATE /D _SCL_SECURE_NO_WARNINGS /D NDEBUG /D "CMAKE_INTDIR=\"Release\"" /D _MBCS /Gm- /MD /GS /Gy /fp:precise /Zc:wchar_t /Zc:forScope /Zc:inline /Fo"cmTC_1ddd0.dir\Release\\" /Fd"cmTC_1ddd0.dir\Release\vc141.pdb" /Gd /TC /errorReport:queue  /bigobj "C:\Users\boooy\OneDrive\workspace\webcam\step-05\node_modules\opencv-build\opencv\build\CMakeFiles\CheckTypeSize\OFF64_T.c"
  
C:\Users\boooy\OneDrive\workspace\webcam\step-05\node_modules\opencv-build\opencv\build\CMakeFiles\CheckTypeSize\OFF64_T.c(29): error C2065: 'off64_t': 선언되지 않은 식별자입니다. [C:\Users\boooy\OneDrive\workspace\webcam\step-05\node_modules\opencv-build\opencv\build\CMakeFiles\CMakeTmp\cmTC_1ddd0.vcxproj]
C:\Users\boooy\OneDrive\workspace\webcam\step-05\node_modules\opencv-build\opencv\build\CMakeFiles\CheckTypeSize\OFF64_T.c(30): error C2065: 'off64_t': 선언되지 않은 식별자입니다. [C:\Users\boooy\OneDrive\workspace\webcam\step-05\node_modules\opencv-build\opencv\build\CMakeFiles\CMakeTmp\cmTC_1ddd0.vcxproj]
C:\Users\boooy\OneDrive\workspace\webcam\step-05\node_modules\opencv-build\opencv\build\CMakeFiles\CheckTypeSize\OFF64_T.c(31): error C2065: 'off64_t': 선언되지 않은 식별자입니다. [C:\Users\boooy\OneDrive\workspace\webcam\step-05\node_modules\opencv-build\opencv\build\CMakeFiles\CMakeTmp\cmTC_1ddd0.vcxproj]
C:\Users\boooy\OneDrive\workspace\webcam\step-05\node_modules\opencv-build\opencv\build\CMakeFiles\CheckTypeSize\OFF64_T.c(32): error C2065: 'off64_t': 선언되지 않은 식별자입니다. [C:\Users\boooy\OneDrive\workspace\webcam\step-05\node_modules\opencv-build\opencv\build\CMakeFiles\CMakeTmp\cmTC_1ddd0.vcxproj]
C:\Users\boooy\OneDrive\workspace\webcam\step-05\node_modules\opencv-build\opencv\build\CMakeFiles\CheckTypeSize\OFF64_T.c(33): error C2065: 'off64_t': 선언되지 않은 식별자입니다. [C:\Users\boooy\OneDrive\workspace\webcam\step-05\node_modules\opencv-build\opencv\build\CMakeFiles\CMakeTmp\cmTC_1ddd0.vcxproj]


C:/Users/boooy/OneDrive/workspace/webcam/step-05/node_modules/opencv-build/opencv/build/CMakeFiles/CheckTypeSize/OFF64_T.c:
#include <sys/types.h>
#include <stdint.h>
#include <stddef.h>


#undef KEY
#if defined(__i386)
# define KEY '_','_','i','3','8','6'
#elif defined(__x86_64)
# define KEY '_','_','x','8','6','_','6','4'
#elif defined(__PPC64__)
# define KEY '_','_','P','P','C','6','4','_','_'
#elif defined(__ppc64__)
# define KEY '_','_','p','p','c','6','4','_','_'
#elif defined(__PPC__)
# define KEY '_','_','P','P','C','_','_'
#elif defined(__ppc__)
# define KEY '_','_','p','p','c','_','_'
#elif defined(__aarch64__)
# define KEY '_','_','a','a','r','c','h','6','4','_','_'
#elif defined(__ARM_ARCH_7A__)
# define KEY '_','_','A','R','M','_','A','R','C','H','_','7','A','_','_'
#elif defined(__ARM_ARCH_7S__)
# define KEY '_','_','A','R','M','_','A','R','C','H','_','7','S','_','_'
#endif

#define SIZE (sizeof(off64_t))
static char info_size[] =  {'I', 'N', 'F', 'O', ':', 's','i','z','e','[',
  ('0' + ((SIZE / 10000)%10)),
  ('0' + ((SIZE / 1000)%10)),
  ('0' + ((SIZE / 100)%10)),
  ('0' + ((SIZE / 10)%10)),
  ('0' +  (SIZE    % 10)),
  ']',
#ifdef KEY
  ' ','k','e','y','[', KEY, ']',
#endif
  '\0'};

#ifdef __CLASSIC_C__
int main(argc, argv) int argc; char *argv[];
#else
int main(int argc, char *argv[])
#endif
{
  int require = 0;
  require += info_size[argc];
  (void)argv;
  return require;
}


Determining if the function memmove exists failed with the following output:
Change Dir: C:/Users/boooy/OneDrive/workspace/webcam/step-05/node_modules/opencv-build/opencv/build/CMakeFiles/CMakeTmp

Run Build Command(s):C:/Program Files (x86)/Microsoft Visual Studio/2017/BuildTools/MSBuild/15.0/Bin/MSBuild.exe cmTC_d3c60.vcxproj /p:Configuration=Release /p:Platform=x64 /p:VisualStudioVersion=15.0 /v:m && .NET Framework용 Microsoft (R) Build Engine 버전 15.9.21+g9802d43bc3
Copyright (C) Microsoft Corporation. All rights reserved.

  Microsoft (R) C/C++ 최적화 컴파일러 버전 19.16.27043(x64)
  Copyright (c) Microsoft Corporation. All rights reserved.
  
  CheckFunctionExists.c
  cl /c /W3 /WX- /diagnostics:classic /MP12 /O2 /Ob2 /Oi /D WIN32 /D _WINDOWS /D _CRT_SECURE_NO_DEPRECATE /D _CRT_NONSTDC_NO_DEPRECATE /D _SCL_SECURE_NO_WARNINGS /D CHECK_FUNCTION_EXISTS=memmove /D NDEBUG /D "CMAKE_INTDIR=\"Release\"" /D _MBCS /Gm- /MD /GS /Gy /fp:precise /Zc:wchar_t /Zc:forScope /Zc:inline /Fo"cmTC_d3c60.dir\Release\\" /Fd"cmTC_d3c60.dir\Release\vc141.pdb" /Gd /TC /errorReport:queue  /bigobj "C:\Program Files\CMake\share\cmake-3.18\Modules\CheckFunctionExists.c"
  
C:\Program Files\CMake\share\cmake-3.18\Modules\CheckFunctionExists.c(7): warning C4391: 'char memmove(void)': 내장 함수의 반환 형식이 잘못되었습니다. 'void'이(가) 필요합니다. [C:\Users\boooy\OneDrive\workspace\webcam\step-05\node_modules\opencv-build\opencv\build\CMakeFiles\CMakeTmp\cmTC_d3c60.vcxproj]
C:\Program Files\CMake\share\cmake-3.18\Modules\CheckFunctionExists.c(7): warning C4392: 'char memmove(void)': 내장 함수의 인수 개수가 잘못되었습니다. '3'개의 인수가 필요합니다. [C:\Users\boooy\OneDrive\workspace\webcam\step-05\node_modules\opencv-build\opencv\build\CMakeFiles\CMakeTmp\cmTC_d3c60.vcxproj]
C:\Program Files\CMake\share\cmake-3.18\Modules\CheckFunctionExists.c(17): error C2168: 'memmove': 내장 함수에 대한 실제 매개 변수가 너무 적습니다. [C:\Users\boooy\OneDrive\workspace\webcam\step-05\node_modules\opencv-build\opencv\build\CMakeFiles\CMakeTmp\cmTC_d3c60.vcxproj]



Determining if the function strcasecmp exists failed with the following output:
Change Dir: C:/Users/boooy/OneDrive/workspace/webcam/step-05/node_modules/opencv-build/opencv/build/CMakeFiles/CMakeTmp

Run Build Command(s):C:/Program Files (x86)/Microsoft Visual Studio/2017/BuildTools/MSBuild/15.0/Bin/MSBuild.exe cmTC_7070a.vcxproj /p:Configuration=Release /p:Platform=x64 /p:VisualStudioVersion=15.0 /v:m && .NET Framework용 Microsoft (R) Build Engine 버전 15.9.21+g9802d43bc3
Copyright (C) Microsoft Corporation. All rights reserved.

  Microsoft (R) C/C++ 최적화 컴파일러 버전 19.16.27043(x64)
  Copyright (c) Microsoft Corporation. All rights reserved.
  
  CheckFunctionExists.c
  cl /c /W3 /WX- /diagnostics:classic /MP12 /O2 /Ob2 /Oi /D WIN32 /D _WINDOWS /D _CRT_SECURE_NO_DEPRECATE /D _CRT_NONSTDC_NO_DEPRECATE /D _SCL_SECURE_NO_WARNINGS /D CHECK_FUNCTION_EXISTS=strcasecmp /D NDEBUG /D "CMAKE_INTDIR=\"Release\"" /D _MBCS /Gm- /MD /GS /Gy /fp:precise /Zc:wchar_t /Zc:forScope /Zc:inline /Fo"cmTC_7070a.dir\Release\\" /Fd"cmTC_7070a.dir\Release\vc141.pdb" /Gd /TC /errorReport:queue  /bigobj "C:\Program Files\CMake\share\cmake-3.18\Modules\CheckFunctionExists.c"
  
CheckFunctionExists.obj : error LNK2019: strcasecmp 외부 기호(참조 위치: main 함수)에서 확인하지 못했습니다. [C:\Users\boooy\OneDrive\workspace\webcam\step-05\node_modules\opencv-build\opencv\build\CMakeFiles\CMakeTmp\cmTC_7070a.vcxproj]
C:\Users\boooy\OneDrive\workspace\webcam\step-05\node_modules\opencv-build\opencv\build\CMakeFiles\CMakeTmp\Release\cmTC_7070a.exe : fatal error LNK1120: 1개의 확인할 수 없는 외부 참조입니다. [C:\Users\boooy\OneDrive\workspace\webcam\step-05\node_modules\opencv-build\opencv\build\CMakeFiles\CMakeTmp\cmTC_7070a.vcxproj]



Determining if the function sgemm_ exists failed with the following output:
Change Dir: C:/Users/boooy/OneDrive/workspace/webcam/step-05/node_modules/opencv-build/opencv/build/CMakeFiles/CMakeTmp

Run Build Command(s):C:/Program Files (x86)/Microsoft Visual Studio/2017/BuildTools/MSBuild/15.0/Bin/MSBuild.exe cmTC_a4f9a.vcxproj /p:Configuration=Release /p:Platform=x64 /p:VisualStudioVersion=15.0 /v:m && .NET Framework용 Microsoft (R) Build Engine 버전 15.9.21+g9802d43bc3
Copyright (C) Microsoft Corporation. All rights reserved.

  Microsoft (R) C/C++ 최적화 컴파일러 버전 19.16.27043(x64)
  Copyright (c) Microsoft Corporation. All rights reserved.
  
  CheckFunctionExists.c
  cl /c /W3 /WX- /diagnostics:classic /MP12 /O2 /Ob2 /Oi /D WIN32 /D _WINDOWS /D _CRT_SECURE_NO_DEPRECATE /D _CRT_NONSTDC_NO_DEPRECATE /D _SCL_SECURE_NO_WARNINGS /D CHECK_FUNCTION_EXISTS=sgemm_ /D NDEBUG /D "CMAKE_INTDIR=\"Release\"" /D _MBCS /Gm- /MD /GS /Gy /fp:precise /Zc:wchar_t /Zc:forScope /Zc:inline /Fo"cmTC_a4f9a.dir\Release\\" /Fd"cmTC_a4f9a.dir\Release\vc141.pdb" /Gd /TC /errorReport:queue  /bigobj "C:\Program Files\CMake\share\cmake-3.18\Modules\CheckFunctionExists.c"
  
CheckFunctionExists.obj : error LNK2019: sgemm_ 외부 기호(참조 위치: main 함수)에서 확인하지 못했습니다. [C:\Users\boooy\OneDrive\workspace\webcam\step-05\node_modules\opencv-build\opencv\build\CMakeFiles\CMakeTmp\cmTC_a4f9a.vcxproj]
C:\Users\boooy\OneDrive\workspace\webcam\step-05\node_modules\opencv-build\opencv\build\CMakeFiles\CMakeTmp\Release\cmTC_a4f9a.exe : fatal error LNK1120: 1개의 확인할 수 없는 외부 참조입니다. [C:\Users\boooy\OneDrive\workspace\webcam\step-05\node_modules\opencv-build\opencv\build\CMakeFiles\CMakeTmp\cmTC_a4f9a.vcxproj]



Determining if the include file pthread.h exists failed with the following output:
Change Dir: C:/Users/boooy/OneDrive/workspace/webcam/step-05/node_modules/opencv-build/opencv/build/CMakeFiles/CMakeTmp

Run Build Command(s):C:/Program Files (x86)/Microsoft Visual Studio/2017/BuildTools/MSBuild/15.0/Bin/MSBuild.exe cmTC_df27b.vcxproj /p:Configuration=Release /p:Platform=x64 /p:VisualStudioVersion=15.0 /v:m && .NET Framework용 Microsoft (R) Build Engine 버전 15.9.21+g9802d43bc3
Copyright (C) Microsoft Corporation. All rights reserved.

  Microsoft (R) C/C++ 최적화 컴파일러 버전 19.16.27043(x64)
  Copyright (c) Microsoft Corporation. All rights reserved.
  
  CheckIncludeFile.c
  cl /c /W3 /WX- /diagnostics:classic /MP12 /O2 /Ob2 /Oi /D WIN32 /D _WINDOWS /D _CRT_SECURE_NO_DEPRECATE /D _CRT_NONSTDC_NO_DEPRECATE /D _SCL_SECURE_NO_WARNINGS /D NDEBUG /D "CMAKE_INTDIR=\"Release\"" /D _MBCS /Gm- /MD /GS /Gy /fp:precise /Zc:wchar_t /Zc:forScope /Zc:inline /Fo"cmTC_df27b.dir\Release\\" /Fd"cmTC_df27b.dir\Release\vc141.pdb" /Gd /TC /errorReport:queue  /bigobj "C:\Users\boooy\OneDrive\workspace\webcam\step-05\node_modules\opencv-build\opencv\build\CMakeFiles\CMakeTmp\CheckIncludeFile.c"
  
C:\Users\boooy\OneDrive\workspace\webcam\step-05\node_modules\opencv-build\opencv\build\CMakeFiles\CMakeTmp\CheckIncludeFile.c(1): fatal error C1083: 포함 파일을 열 수 없습니다. 'pthread.h': No such file or directory [C:\Users\boooy\OneDrive\workspace\webcam\step-05\node_modules\opencv-build\opencv\build\CMakeFiles\CMakeTmp\cmTC_df27b.vcxproj]



